<?xml version="1.0" encoding="UTF-8" standalone="yes"?>
<ns2:test-suite start="1489338971516" stop="1489340230007" version="1.4.14" xmlns:ns2="urn:model.allure.qatools.yandex.ru">
    <name>LoginTest</name>
    <title>suite:Login Test</title>
    <description type="text">Login Functionality:</description>
    <test-cases>
        <test-case start="1489338971517" stop="1489339029471" status="broken">
            <name>loginCancel</name>
            <title>Login cancel</title>
            <description type="text">Should cancel login</description>
            <failure>
                <message>NoSuchElementException: Unable to locate element: {"method":"id","selector":"logInButton"}
Command duration or timeout: 20.16 seconds
For documentation on this error, please visit: http://seleniumhq.org/exceptions/no_such_element.html
Build info: version: '2.53.1', revision: 'a36b8b1cd5757287168e54b817830adce9b0158d', time: '2016-06-30 19:26:09'
System info: host: 'OKHYTRUK-N', ip: '192.168.1.102', os.name: 'Windows 8.1', os.arch: 'amd64', os.version: '6.3', java.version: '1.8.0_101'
Driver info: org.openqa.selenium.firefox.FirefoxDriver
Capabilities [{applicationCacheEnabled=true, rotatable=false, handlesAlerts=true, databaseEnabled=true, version=47.0.2, platform=WINDOWS, nativeEvents=false, acceptSslCerts=true, webStorageEnabled=true, locationContextEnabled=true, browserName=firefox, takesScreenshot=true, javascriptEnabled=true, cssSelectorsEnabled=true}]
Session ID: c8dea936-675f-448f-82f6-95bd1ec97eec
*** Element info: {Using=id, value=logInButton}</message>
                <stack-trace>org.openqa.selenium.NoSuchElementException: Unable to locate element: {"method":"id","selector":"logInButton"}
Command duration or timeout: 20.16 seconds
For documentation on this error, please visit: http://seleniumhq.org/exceptions/no_such_element.html
Build info: version: '2.53.1', revision: 'a36b8b1cd5757287168e54b817830adce9b0158d', time: '2016-06-30 19:26:09'
System info: host: 'OKHYTRUK-N', ip: '192.168.1.102', os.name: 'Windows 8.1', os.arch: 'amd64', os.version: '6.3', java.version: '1.8.0_101'
Driver info: org.openqa.selenium.firefox.FirefoxDriver
Capabilities [{applicationCacheEnabled=true, rotatable=false, handlesAlerts=true, databaseEnabled=true, version=47.0.2, platform=WINDOWS, nativeEvents=false, acceptSslCerts=true, webStorageEnabled=true, locationContextEnabled=true, browserName=firefox, takesScreenshot=true, javascriptEnabled=true, cssSelectorsEnabled=true}]
Session ID: c8dea936-675f-448f-82f6-95bd1ec97eec
*** Element info: {Using=id, value=logInButton}
	at sun.reflect.NativeConstructorAccessorImpl.newInstance0(Native Method)
	at sun.reflect.NativeConstructorAccessorImpl.newInstance(NativeConstructorAccessorImpl.java:62)
	at sun.reflect.DelegatingConstructorAccessorImpl.newInstance(DelegatingConstructorAccessorImpl.java:45)
	at java.lang.reflect.Constructor.newInstance(Constructor.java:423)
	at org.openqa.selenium.remote.ErrorHandler.createThrowable(ErrorHandler.java:206)
	at org.openqa.selenium.remote.ErrorHandler.throwIfResponseFailed(ErrorHandler.java:158)
	at org.openqa.selenium.remote.RemoteWebDriver.execute(RemoteWebDriver.java:678)
	at org.openqa.selenium.remote.RemoteWebDriver.findElement(RemoteWebDriver.java:363)
	at org.openqa.selenium.remote.RemoteWebDriver.findElementById(RemoteWebDriver.java:413)
	at org.openqa.selenium.By$ById.findElement(By.java:218)
	at org.openqa.selenium.remote.RemoteWebDriver.findElement(RemoteWebDriver.java:355)
	at org.openqa.selenium.support.pagefactory.DefaultElementLocator.findElement(DefaultElementLocator.java:69)
	at org.openqa.selenium.support.pagefactory.internal.LocatingElementHandler.invoke(LocatingElementHandler.java:38)
	at com.sun.proxy.$Proxy15.click(Unknown Source)
	at helpers.WebLibrary.clickButton(WebLibrary.java:171)
	at LoginTest.loginCancel(LoginTest.java:192)
	at sun.reflect.NativeMethodAccessorImpl.invoke0(Native Method)
	at sun.reflect.NativeMethodAccessorImpl.invoke(NativeMethodAccessorImpl.java:62)
	at sun.reflect.DelegatingMethodAccessorImpl.invoke(DelegatingMethodAccessorImpl.java:43)
	at java.lang.reflect.Method.invoke(Method.java:498)
	at org.junit.runners.model.FrameworkMethod$1.runReflectiveCall(FrameworkMethod.java:50)
	at org.junit.internal.runners.model.ReflectiveCallable.run(ReflectiveCallable.java:12)
	at org.junit.runners.model.FrameworkMethod.invokeExplosively(FrameworkMethod.java:47)
	at org.junit.internal.runners.statements.InvokeMethod.evaluate(InvokeMethod.java:17)
	at org.junit.internal.runners.statements.RunBefores.evaluate(RunBefores.java:26)
	at org.junit.rules.TestWatcher$1.evaluate(TestWatcher.java:55)
	at org.junit.rules.RunRules.evaluate(RunRules.java:20)
	at org.junit.runners.ParentRunner.runLeaf(ParentRunner.java:325)
	at org.junit.runners.BlockJUnit4ClassRunner.runChild(BlockJUnit4ClassRunner.java:78)
	at org.junit.runners.BlockJUnit4ClassRunner.runChild(BlockJUnit4ClassRunner.java:57)
	at org.junit.runners.ParentRunner$3.run(ParentRunner.java:290)
	at org.junit.runners.ParentRunner$1.schedule(ParentRunner.java:71)
	at org.junit.runners.ParentRunner.runChildren(ParentRunner.java:288)
	at org.junit.runners.ParentRunner.access$000(ParentRunner.java:58)
	at org.junit.runners.ParentRunner$2.evaluate(ParentRunner.java:268)
	at org.junit.internal.runners.statements.RunBefores.evaluate(RunBefores.java:26)
	at org.junit.runners.ParentRunner.run(ParentRunner.java:363)
	at org.apache.maven.surefire.junit4.JUnit4Provider.execute(JUnit4Provider.java:264)
	at org.apache.maven.surefire.junit4.JUnit4Provider.executeTestSet(JUnit4Provider.java:153)
	at org.apache.maven.surefire.junit4.JUnit4Provider.invoke(JUnit4Provider.java:124)
	at sun.reflect.NativeMethodAccessorImpl.invoke0(Native Method)
	at sun.reflect.NativeMethodAccessorImpl.invoke(NativeMethodAccessorImpl.java:62)
	at sun.reflect.DelegatingMethodAccessorImpl.invoke(DelegatingMethodAccessorImpl.java:43)
	at java.lang.reflect.Method.invoke(Method.java:498)
	at org.apache.maven.surefire.util.ReflectionUtils.invokeMethodWithArray2(ReflectionUtils.java:208)
	at org.apache.maven.surefire.booter.ProviderFactory$ProviderProxy.invoke(ProviderFactory.java:158)
	at org.apache.maven.surefire.booter.ProviderFactory.invokeProvider(ProviderFactory.java:86)
	at org.apache.maven.surefire.booter.ForkedBooter.runSuitesInProcess(ForkedBooter.java:153)
	at org.apache.maven.surefire.booter.ForkedBooter.main(ForkedBooter.java:95)
Caused by: org.openqa.selenium.NoSuchElementException: Unable to locate element: {"method":"id","selector":"logInButton"}
For documentation on this error, please visit: http://seleniumhq.org/exceptions/no_such_element.html
Build info: version: '2.53.1', revision: 'a36b8b1cd5757287168e54b817830adce9b0158d', time: '2016-06-30 19:26:09'
System info: host: 'OKHYTRUK-N', ip: '192.168.1.102', os.name: 'Windows 8.1', os.arch: 'amd64', os.version: '6.3', java.version: '1.8.0_101'
Driver info: driver.version: unknown
	at &lt;anonymous class&gt;.FirefoxDriver.prototype.findElementInternal_(file:///C:/Users/OLGA~1.KHY/AppData/Local/Temp/anonymous4537640103297459537webdriver-profile/extensions/fxdriver@googlecode.com/components/driver-component.js:10770)
	at &lt;anonymous class&gt;.fxdriver.Timer.prototype.setTimeout/&lt;.notify(file:///C:/Users/OLGA~1.KHY/AppData/Local/Temp/anonymous4537640103297459537webdriver-profile/extensions/fxdriver@googlecode.com/components/driver-component.js:625)
</stack-trace>
            </failure>
            <steps>
                <step start="1489338971519" stop="1489338971809" status="passed">
                    <name>setUpDriver[FirefoxDriver: firefox on WINDOWS (c8dea936-675f-448f-82f6-95bd1ec97eec), 20]</name>
                    <title>Setup driver: </title>
                    <steps>
                        <step start="1489338971521" stop="1489338971689" status="passed">
                            <name>maximazeWindow[FirefoxDriver: firefox on WINDOWS (c8dea936-675f-448f-82f6-95bd1ec97eec)]</name>
                            <title>Maximize window</title>
                        </step>
                        <step start="1489338971692" stop="1489338971809" status="passed">
                            <name>setImplicitlyWait[FirefoxDriver: firefox on WINDOWS (c8dea936-675f-448f-82f6-95bd1ec97eec), 20]</name>
                            <title>Set implicit wait to "20" sec</title>
                        </step>
                    </steps>
                </step>
                <step start="1489338971811" stop="1489338979017" status="passed">
                    <name>goToUrl[FirefoxDriver: firefox on WINDOWS (c8dea936-675f-448f-82f6-95bd1ec97eec), http://www.adriatic.hr/]</name>
                    <title>Open URL "http://www.adriatic.hr/"</title>
                </step>
                <step start="1489338979269" stop="1489338979827" status="passed">
                    <name>clickButton[[[FirefoxDriver: firefox on WINDOWS (c8dea936-675f-448f-82f6-95bd1ec97eec)] -&gt; xpath: //a[@id='signIn']/span...]</name>
                    <title>Click Button</title>
                </step>
                <step start="1489338982072" stop="1489338984167" status="passed">
                    <name>setTextIntoWebElement[[[FirefoxDriver: firefox on WINDOWS (c8dea936-675f-448f-82f6-95bd1ec97eec)] -&gt; id: signin_username...]</name>
                    <title>Set Text into WebElement "olyahit@gmail.com"</title>
                    <steps>
                        <step start="1489338983623" stop="1489338983842" status="passed">
                            <name>clearTextField[[[FirefoxDriver: firefox on WINDOWS (c8dea936-675f-448f-82f6-95bd1ec97eec)] -&gt; id: signin_username]]</name>
                            <title>Clear Text Field</title>
                        </step>
                        <step start="1489338983845" stop="1489338983846" status="passed">
                            <name>log[Sending text "olyahit@gmail.com" to element...]</name>
                            <title>Sending text "olyahit@gmail.com" to element...</title>
                        </step>
                    </steps>
                </step>
                <step start="1489338984232" stop="1489338985091" status="passed">
                    <name>setTextIntoWebElement[[[FirefoxDriver: firefox on WINDOWS (c8dea936-675f-448f-82f6-95bd1ec97eec)] -&gt; id: signin_password...]</name>
                    <title>Set Text into WebElement "hhjr09fjh"</title>
                    <steps>
                        <step start="1489338984823" stop="1489338984927" status="passed">
                            <name>clearTextField[[[FirefoxDriver: firefox on WINDOWS (c8dea936-675f-448f-82f6-95bd1ec97eec)] -&gt; id: signin_password]]</name>
                            <title>Clear Text Field</title>
                        </step>
                        <step start="1489338984930" stop="1489338984930" status="passed">
                            <name>log[Sending text "hhjr09fjh" to element...]</name>
                            <title>Sending text "hhjr09fjh" to element...</title>
                        </step>
                    </steps>
                </step>
                <step start="1489339005304" stop="1489339025471" status="broken">
                    <name>clickButton[Proxy element for: DefaultElementLocator 'By.id: logInButton']</name>
                    <title>Click Button</title>
                </step>
            </steps>
            <attachments>
                <attachment title="Screenshot" source="32bd6f2e-d578-4239-89a5-04e877c7d5a4-attachment.png" type="image/png" size="68113"/>
                <attachment title="HTML Document" source="92abaf9a-f200-4558-91df-0b92085ea6e7-attachment.html" type="text/html" size="39743"/>
                <attachment title="Browser Log" source="4b387804-4a91-4e57-9646-de87b96710e1-attachment.html" type="text/html" size="50481"/>
            </attachments>
            <labels>
                <label name="severity" value="normal"/>
                <label name="host" value="OKHYTRUK-N"/>
                <label name="thread" value="1696@OKHYTRUK-N.main(1)"/>
            </labels>
        </test-case>
        <test-case start="1489339040447" stop="1489339096867" status="broken">
            <name>loginInvalidEmail</name>
            <title>Login with invalid email</title>
            <description type="text">Should not login with invalid email</description>
            <failure>
                <message>NoSuchElementException: Unable to locate element: {"method":"id","selector":"logInButton"}
Command duration or timeout: 20.12 seconds
For documentation on this error, please visit: http://seleniumhq.org/exceptions/no_such_element.html
Build info: version: '2.53.1', revision: 'a36b8b1cd5757287168e54b817830adce9b0158d', time: '2016-06-30 19:26:09'
System info: host: 'OKHYTRUK-N', ip: '192.168.1.102', os.name: 'Windows 8.1', os.arch: 'amd64', os.version: '6.3', java.version: '1.8.0_101'
Driver info: org.openqa.selenium.firefox.FirefoxDriver
Capabilities [{applicationCacheEnabled=true, rotatable=false, handlesAlerts=true, databaseEnabled=true, version=47.0.2, platform=WINDOWS, nativeEvents=false, acceptSslCerts=true, webStorageEnabled=true, locationContextEnabled=true, browserName=firefox, takesScreenshot=true, javascriptEnabled=true, cssSelectorsEnabled=true}]
Session ID: c3c43ebc-4653-4c56-8d66-71530c3c1735
*** Element info: {Using=id, value=logInButton}</message>
                <stack-trace>org.openqa.selenium.NoSuchElementException: Unable to locate element: {"method":"id","selector":"logInButton"}
Command duration or timeout: 20.12 seconds
For documentation on this error, please visit: http://seleniumhq.org/exceptions/no_such_element.html
Build info: version: '2.53.1', revision: 'a36b8b1cd5757287168e54b817830adce9b0158d', time: '2016-06-30 19:26:09'
System info: host: 'OKHYTRUK-N', ip: '192.168.1.102', os.name: 'Windows 8.1', os.arch: 'amd64', os.version: '6.3', java.version: '1.8.0_101'
Driver info: org.openqa.selenium.firefox.FirefoxDriver
Capabilities [{applicationCacheEnabled=true, rotatable=false, handlesAlerts=true, databaseEnabled=true, version=47.0.2, platform=WINDOWS, nativeEvents=false, acceptSslCerts=true, webStorageEnabled=true, locationContextEnabled=true, browserName=firefox, takesScreenshot=true, javascriptEnabled=true, cssSelectorsEnabled=true}]
Session ID: c3c43ebc-4653-4c56-8d66-71530c3c1735
*** Element info: {Using=id, value=logInButton}
	at sun.reflect.NativeConstructorAccessorImpl.newInstance0(Native Method)
	at sun.reflect.NativeConstructorAccessorImpl.newInstance(NativeConstructorAccessorImpl.java:62)
	at sun.reflect.DelegatingConstructorAccessorImpl.newInstance(DelegatingConstructorAccessorImpl.java:45)
	at java.lang.reflect.Constructor.newInstance(Constructor.java:423)
	at org.openqa.selenium.remote.ErrorHandler.createThrowable(ErrorHandler.java:206)
	at org.openqa.selenium.remote.ErrorHandler.throwIfResponseFailed(ErrorHandler.java:158)
	at org.openqa.selenium.remote.RemoteWebDriver.execute(RemoteWebDriver.java:678)
	at org.openqa.selenium.remote.RemoteWebDriver.findElement(RemoteWebDriver.java:363)
	at org.openqa.selenium.remote.RemoteWebDriver.findElementById(RemoteWebDriver.java:413)
	at org.openqa.selenium.By$ById.findElement(By.java:218)
	at org.openqa.selenium.remote.RemoteWebDriver.findElement(RemoteWebDriver.java:355)
	at org.openqa.selenium.support.pagefactory.DefaultElementLocator.findElement(DefaultElementLocator.java:69)
	at org.openqa.selenium.support.pagefactory.internal.LocatingElementHandler.invoke(LocatingElementHandler.java:38)
	at com.sun.proxy.$Proxy15.click(Unknown Source)
	at helpers.WebLibrary.clickButton(WebLibrary.java:171)
	at LoginTest.loginInvalidEmail(LoginTest.java:79)
	at sun.reflect.NativeMethodAccessorImpl.invoke0(Native Method)
	at sun.reflect.NativeMethodAccessorImpl.invoke(NativeMethodAccessorImpl.java:62)
	at sun.reflect.DelegatingMethodAccessorImpl.invoke(DelegatingMethodAccessorImpl.java:43)
	at java.lang.reflect.Method.invoke(Method.java:498)
	at org.junit.runners.model.FrameworkMethod$1.runReflectiveCall(FrameworkMethod.java:50)
	at org.junit.internal.runners.model.ReflectiveCallable.run(ReflectiveCallable.java:12)
	at org.junit.runners.model.FrameworkMethod.invokeExplosively(FrameworkMethod.java:47)
	at org.junit.internal.runners.statements.InvokeMethod.evaluate(InvokeMethod.java:17)
	at org.junit.internal.runners.statements.RunBefores.evaluate(RunBefores.java:26)
	at org.junit.rules.TestWatcher$1.evaluate(TestWatcher.java:55)
	at org.junit.rules.RunRules.evaluate(RunRules.java:20)
	at org.junit.runners.ParentRunner.runLeaf(ParentRunner.java:325)
	at org.junit.runners.BlockJUnit4ClassRunner.runChild(BlockJUnit4ClassRunner.java:78)
	at org.junit.runners.BlockJUnit4ClassRunner.runChild(BlockJUnit4ClassRunner.java:57)
	at org.junit.runners.ParentRunner$3.run(ParentRunner.java:290)
	at org.junit.runners.ParentRunner$1.schedule(ParentRunner.java:71)
	at org.junit.runners.ParentRunner.runChildren(ParentRunner.java:288)
	at org.junit.runners.ParentRunner.access$000(ParentRunner.java:58)
	at org.junit.runners.ParentRunner$2.evaluate(ParentRunner.java:268)
	at org.junit.internal.runners.statements.RunBefores.evaluate(RunBefores.java:26)
	at org.junit.runners.ParentRunner.run(ParentRunner.java:363)
	at org.apache.maven.surefire.junit4.JUnit4Provider.execute(JUnit4Provider.java:264)
	at org.apache.maven.surefire.junit4.JUnit4Provider.executeTestSet(JUnit4Provider.java:153)
	at org.apache.maven.surefire.junit4.JUnit4Provider.invoke(JUnit4Provider.java:124)
	at sun.reflect.NativeMethodAccessorImpl.invoke0(Native Method)
	at sun.reflect.NativeMethodAccessorImpl.invoke(NativeMethodAccessorImpl.java:62)
	at sun.reflect.DelegatingMethodAccessorImpl.invoke(DelegatingMethodAccessorImpl.java:43)
	at java.lang.reflect.Method.invoke(Method.java:498)
	at org.apache.maven.surefire.util.ReflectionUtils.invokeMethodWithArray2(ReflectionUtils.java:208)
	at org.apache.maven.surefire.booter.ProviderFactory$ProviderProxy.invoke(ProviderFactory.java:158)
	at org.apache.maven.surefire.booter.ProviderFactory.invokeProvider(ProviderFactory.java:86)
	at org.apache.maven.surefire.booter.ForkedBooter.runSuitesInProcess(ForkedBooter.java:153)
	at org.apache.maven.surefire.booter.ForkedBooter.main(ForkedBooter.java:95)
Caused by: org.openqa.selenium.NoSuchElementException: Unable to locate element: {"method":"id","selector":"logInButton"}
For documentation on this error, please visit: http://seleniumhq.org/exceptions/no_such_element.html
Build info: version: '2.53.1', revision: 'a36b8b1cd5757287168e54b817830adce9b0158d', time: '2016-06-30 19:26:09'
System info: host: 'OKHYTRUK-N', ip: '192.168.1.102', os.name: 'Windows 8.1', os.arch: 'amd64', os.version: '6.3', java.version: '1.8.0_101'
Driver info: driver.version: unknown
	at &lt;anonymous class&gt;.FirefoxDriver.prototype.findElementInternal_(file:///C:/Users/OLGA~1.KHY/AppData/Local/Temp/anonymous3308598120607930256webdriver-profile/extensions/fxdriver@googlecode.com/components/driver-component.js:10770)
	at &lt;anonymous class&gt;.fxdriver.Timer.prototype.setTimeout/&lt;.notify(file:///C:/Users/OLGA~1.KHY/AppData/Local/Temp/anonymous3308598120607930256webdriver-profile/extensions/fxdriver@googlecode.com/components/driver-component.js:625)
</stack-trace>
            </failure>
            <steps>
                <step start="1489339040449" stop="1489339040759" status="passed">
                    <name>setUpDriver[FirefoxDriver: firefox on WINDOWS (c3c43ebc-4653-4c56-8d66-71530c3c1735), 20]</name>
                    <title>Setup driver: </title>
                    <steps>
                        <step start="1489339040451" stop="1489339040694" status="passed">
                            <name>maximazeWindow[FirefoxDriver: firefox on WINDOWS (c3c43ebc-4653-4c56-8d66-71530c3c1735)]</name>
                            <title>Maximize window</title>
                        </step>
                        <step start="1489339040696" stop="1489339040758" status="passed">
                            <name>setImplicitlyWait[FirefoxDriver: firefox on WINDOWS (c3c43ebc-4653-4c56-8d66-71530c3c1735), 20]</name>
                            <title>Set implicit wait to "20" sec</title>
                        </step>
                    </steps>
                </step>
                <step start="1489339040763" stop="1489339044842" status="passed">
                    <name>goToUrl[FirefoxDriver: firefox on WINDOWS (c3c43ebc-4653-4c56-8d66-71530c3c1735), http://www.adriatic.hr/]</name>
                    <title>Open URL "http://www.adriatic.hr/"</title>
                </step>
                <step start="1489339045360" stop="1489339046415" status="passed">
                    <name>clickButton[[[FirefoxDriver: firefox on WINDOWS (c3c43ebc-4653-4c56-8d66-71530c3c1735)] -&gt; xpath: //a[@id='signIn']/span...]</name>
                    <title>Click Button</title>
                </step>
                <step start="1489339050001" stop="1489339051715" status="passed">
                    <name>setTextIntoWebElement[[[FirefoxDriver: firefox on WINDOWS (c3c43ebc-4653-4c56-8d66-71530c3c1735)] -&gt; id: signin_username...]</name>
                    <title>Set Text into WebElement "tyuutf@gmail.com"</title>
                    <steps>
                        <step start="1489339051125" stop="1489339051332" status="passed">
                            <name>clearTextField[[[FirefoxDriver: firefox on WINDOWS (c3c43ebc-4653-4c56-8d66-71530c3c1735)] -&gt; id: signin_username]]</name>
                            <title>Clear Text Field</title>
                        </step>
                        <step start="1489339051335" stop="1489339051335" status="passed">
                            <name>log[Sending text "tyuutf@gmail.com" to element...]</name>
                            <title>Sending text "tyuutf@gmail.com" to element...</title>
                        </step>
                    </steps>
                </step>
                <step start="1489339051782" stop="1489339052769" status="passed">
                    <name>setTextIntoWebElement[[[FirefoxDriver: firefox on WINDOWS (c3c43ebc-4653-4c56-8d66-71530c3c1735)] -&gt; id: signin_password...]</name>
                    <title>Set Text into WebElement "Good458"</title>
                    <steps>
                        <step start="1489339052268" stop="1489339052611" status="passed">
                            <name>clearTextField[[[FirefoxDriver: firefox on WINDOWS (c3c43ebc-4653-4c56-8d66-71530c3c1735)] -&gt; id: signin_password]]</name>
                            <title>Clear Text Field</title>
                        </step>
                        <step start="1489339052614" stop="1489339052614" status="passed">
                            <name>log[Sending text "Good458" to element...]</name>
                            <title>Sending text "Good458" to element...</title>
                        </step>
                    </steps>
                </step>
                <step start="1489339072821" stop="1489339092938" status="broken">
                    <name>clickButton[Proxy element for: DefaultElementLocator 'By.id: logInButton']</name>
                    <title>Click Button</title>
                </step>
            </steps>
            <attachments>
                <attachment title="Screenshot" source="1bf99fe5-3103-4126-8b51-a221a048138f-attachment.png" type="image/png" size="68067"/>
                <attachment title="HTML Document" source="98bc771d-3a34-4d8e-9227-9b61578082bb-attachment.html" type="text/html" size="39729"/>
                <attachment title="Browser Log" source="d7fed909-1d8f-4af0-ab3c-5b865a586b51-attachment.html" type="text/html" size="50481"/>
            </attachments>
            <labels>
                <label name="severity" value="blocker"/>
                <label name="host" value="OKHYTRUK-N"/>
                <label name="thread" value="1696@OKHYTRUK-N.main(1)"/>
            </labels>
        </test-case>
        <test-case start="1489339110724" stop="1489339166284" status="broken">
            <name>loginInvalidPassword</name>
            <title>Login with invalid Password</title>
            <description type="text">Should not login with invalid Password</description>
            <failure>
                <message>NoSuchElementException: Unable to locate element: {"method":"id","selector":"logInButton"}
Command duration or timeout: 20.16 seconds
For documentation on this error, please visit: http://seleniumhq.org/exceptions/no_such_element.html
Build info: version: '2.53.1', revision: 'a36b8b1cd5757287168e54b817830adce9b0158d', time: '2016-06-30 19:26:09'
System info: host: 'OKHYTRUK-N', ip: '192.168.1.102', os.name: 'Windows 8.1', os.arch: 'amd64', os.version: '6.3', java.version: '1.8.0_101'
Driver info: org.openqa.selenium.firefox.FirefoxDriver
Capabilities [{applicationCacheEnabled=true, rotatable=false, handlesAlerts=true, databaseEnabled=true, version=47.0.2, platform=WINDOWS, nativeEvents=false, acceptSslCerts=true, webStorageEnabled=true, locationContextEnabled=true, browserName=firefox, takesScreenshot=true, javascriptEnabled=true, cssSelectorsEnabled=true}]
Session ID: bd04a6eb-ce4c-4adc-a1ff-4ed914b06d32
*** Element info: {Using=id, value=logInButton}</message>
                <stack-trace>org.openqa.selenium.NoSuchElementException: Unable to locate element: {"method":"id","selector":"logInButton"}
Command duration or timeout: 20.16 seconds
For documentation on this error, please visit: http://seleniumhq.org/exceptions/no_such_element.html
Build info: version: '2.53.1', revision: 'a36b8b1cd5757287168e54b817830adce9b0158d', time: '2016-06-30 19:26:09'
System info: host: 'OKHYTRUK-N', ip: '192.168.1.102', os.name: 'Windows 8.1', os.arch: 'amd64', os.version: '6.3', java.version: '1.8.0_101'
Driver info: org.openqa.selenium.firefox.FirefoxDriver
Capabilities [{applicationCacheEnabled=true, rotatable=false, handlesAlerts=true, databaseEnabled=true, version=47.0.2, platform=WINDOWS, nativeEvents=false, acceptSslCerts=true, webStorageEnabled=true, locationContextEnabled=true, browserName=firefox, takesScreenshot=true, javascriptEnabled=true, cssSelectorsEnabled=true}]
Session ID: bd04a6eb-ce4c-4adc-a1ff-4ed914b06d32
*** Element info: {Using=id, value=logInButton}
	at sun.reflect.NativeConstructorAccessorImpl.newInstance0(Native Method)
	at sun.reflect.NativeConstructorAccessorImpl.newInstance(NativeConstructorAccessorImpl.java:62)
	at sun.reflect.DelegatingConstructorAccessorImpl.newInstance(DelegatingConstructorAccessorImpl.java:45)
	at java.lang.reflect.Constructor.newInstance(Constructor.java:423)
	at org.openqa.selenium.remote.ErrorHandler.createThrowable(ErrorHandler.java:206)
	at org.openqa.selenium.remote.ErrorHandler.throwIfResponseFailed(ErrorHandler.java:158)
	at org.openqa.selenium.remote.RemoteWebDriver.execute(RemoteWebDriver.java:678)
	at org.openqa.selenium.remote.RemoteWebDriver.findElement(RemoteWebDriver.java:363)
	at org.openqa.selenium.remote.RemoteWebDriver.findElementById(RemoteWebDriver.java:413)
	at org.openqa.selenium.By$ById.findElement(By.java:218)
	at org.openqa.selenium.remote.RemoteWebDriver.findElement(RemoteWebDriver.java:355)
	at org.openqa.selenium.support.pagefactory.DefaultElementLocator.findElement(DefaultElementLocator.java:69)
	at org.openqa.selenium.support.pagefactory.internal.LocatingElementHandler.invoke(LocatingElementHandler.java:38)
	at com.sun.proxy.$Proxy15.click(Unknown Source)
	at helpers.WebLibrary.clickButton(WebLibrary.java:171)
	at LoginTest.loginInvalidPassword(LoginTest.java:101)
	at sun.reflect.NativeMethodAccessorImpl.invoke0(Native Method)
	at sun.reflect.NativeMethodAccessorImpl.invoke(NativeMethodAccessorImpl.java:62)
	at sun.reflect.DelegatingMethodAccessorImpl.invoke(DelegatingMethodAccessorImpl.java:43)
	at java.lang.reflect.Method.invoke(Method.java:498)
	at org.junit.runners.model.FrameworkMethod$1.runReflectiveCall(FrameworkMethod.java:50)
	at org.junit.internal.runners.model.ReflectiveCallable.run(ReflectiveCallable.java:12)
	at org.junit.runners.model.FrameworkMethod.invokeExplosively(FrameworkMethod.java:47)
	at org.junit.internal.runners.statements.InvokeMethod.evaluate(InvokeMethod.java:17)
	at org.junit.internal.runners.statements.RunBefores.evaluate(RunBefores.java:26)
	at org.junit.rules.TestWatcher$1.evaluate(TestWatcher.java:55)
	at org.junit.rules.RunRules.evaluate(RunRules.java:20)
	at org.junit.runners.ParentRunner.runLeaf(ParentRunner.java:325)
	at org.junit.runners.BlockJUnit4ClassRunner.runChild(BlockJUnit4ClassRunner.java:78)
	at org.junit.runners.BlockJUnit4ClassRunner.runChild(BlockJUnit4ClassRunner.java:57)
	at org.junit.runners.ParentRunner$3.run(ParentRunner.java:290)
	at org.junit.runners.ParentRunner$1.schedule(ParentRunner.java:71)
	at org.junit.runners.ParentRunner.runChildren(ParentRunner.java:288)
	at org.junit.runners.ParentRunner.access$000(ParentRunner.java:58)
	at org.junit.runners.ParentRunner$2.evaluate(ParentRunner.java:268)
	at org.junit.internal.runners.statements.RunBefores.evaluate(RunBefores.java:26)
	at org.junit.runners.ParentRunner.run(ParentRunner.java:363)
	at org.apache.maven.surefire.junit4.JUnit4Provider.execute(JUnit4Provider.java:264)
	at org.apache.maven.surefire.junit4.JUnit4Provider.executeTestSet(JUnit4Provider.java:153)
	at org.apache.maven.surefire.junit4.JUnit4Provider.invoke(JUnit4Provider.java:124)
	at sun.reflect.NativeMethodAccessorImpl.invoke0(Native Method)
	at sun.reflect.NativeMethodAccessorImpl.invoke(NativeMethodAccessorImpl.java:62)
	at sun.reflect.DelegatingMethodAccessorImpl.invoke(DelegatingMethodAccessorImpl.java:43)
	at java.lang.reflect.Method.invoke(Method.java:498)
	at org.apache.maven.surefire.util.ReflectionUtils.invokeMethodWithArray2(ReflectionUtils.java:208)
	at org.apache.maven.surefire.booter.ProviderFactory$ProviderProxy.invoke(ProviderFactory.java:158)
	at org.apache.maven.surefire.booter.ProviderFactory.invokeProvider(ProviderFactory.java:86)
	at org.apache.maven.surefire.booter.ForkedBooter.runSuitesInProcess(ForkedBooter.java:153)
	at org.apache.maven.surefire.booter.ForkedBooter.main(ForkedBooter.java:95)
Caused by: org.openqa.selenium.NoSuchElementException: Unable to locate element: {"method":"id","selector":"logInButton"}
For documentation on this error, please visit: http://seleniumhq.org/exceptions/no_such_element.html
Build info: version: '2.53.1', revision: 'a36b8b1cd5757287168e54b817830adce9b0158d', time: '2016-06-30 19:26:09'
System info: host: 'OKHYTRUK-N', ip: '192.168.1.102', os.name: 'Windows 8.1', os.arch: 'amd64', os.version: '6.3', java.version: '1.8.0_101'
Driver info: driver.version: unknown
	at &lt;anonymous class&gt;.FirefoxDriver.prototype.findElementInternal_(file:///C:/Users/OLGA~1.KHY/AppData/Local/Temp/anonymous4967934102715138082webdriver-profile/extensions/fxdriver@googlecode.com/components/driver-component.js:10770)
	at &lt;anonymous class&gt;.fxdriver.Timer.prototype.setTimeout/&lt;.notify(file:///C:/Users/OLGA~1.KHY/AppData/Local/Temp/anonymous4967934102715138082webdriver-profile/extensions/fxdriver@googlecode.com/components/driver-component.js:625)
</stack-trace>
            </failure>
            <steps>
                <step start="1489339110732" stop="1489339111172" status="passed">
                    <name>setUpDriver[FirefoxDriver: firefox on WINDOWS (bd04a6eb-ce4c-4adc-a1ff-4ed914b06d32), 20]</name>
                    <title>Setup driver: </title>
                    <steps>
                        <step start="1489339110735" stop="1489339111057" status="passed">
                            <name>maximazeWindow[FirefoxDriver: firefox on WINDOWS (bd04a6eb-ce4c-4adc-a1ff-4ed914b06d32)]</name>
                            <title>Maximize window</title>
                        </step>
                        <step start="1489339111060" stop="1489339111172" status="passed">
                            <name>setImplicitlyWait[FirefoxDriver: firefox on WINDOWS (bd04a6eb-ce4c-4adc-a1ff-4ed914b06d32), 20]</name>
                            <title>Set implicit wait to "20" sec</title>
                        </step>
                    </steps>
                </step>
                <step start="1489339111174" stop="1489339116996" status="passed">
                    <name>goToUrl[FirefoxDriver: firefox on WINDOWS (bd04a6eb-ce4c-4adc-a1ff-4ed914b06d32), http://www.adriatic.hr/]</name>
                    <title>Open URL "http://www.adriatic.hr/"</title>
                </step>
                <step start="1489339117525" stop="1489339118333" status="passed">
                    <name>clickButton[[[FirefoxDriver: firefox on WINDOWS (bd04a6eb-ce4c-4adc-a1ff-4ed914b06d32)] -&gt; xpath: //a[@id='signIn']/span...]</name>
                    <title>Click Button</title>
                </step>
                <step start="1489339122218" stop="1489339122747" status="passed">
                    <name>setTextIntoWebElement[[[FirefoxDriver: firefox on WINDOWS (bd04a6eb-ce4c-4adc-a1ff-4ed914b06d32)] -&gt; id: signin_username...]</name>
                    <title>Set Text into WebElement "olyahit@gmail.com"</title>
                    <steps>
                        <step start="1489339122494" stop="1489339122573" status="passed">
                            <name>clearTextField[[[FirefoxDriver: firefox on WINDOWS (bd04a6eb-ce4c-4adc-a1ff-4ed914b06d32)] -&gt; id: signin_username]]</name>
                            <title>Clear Text Field</title>
                        </step>
                        <step start="1489339122574" stop="1489339122574" status="passed">
                            <name>log[Sending text "olyahit@gmail.com" to element...]</name>
                            <title>Sending text "olyahit@gmail.com" to element...</title>
                        </step>
                    </steps>
                </step>
                <step start="1489339122786" stop="1489339123337" status="passed">
                    <name>setTextIntoWebElement[[[FirefoxDriver: firefox on WINDOWS (bd04a6eb-ce4c-4adc-a1ff-4ed914b06d32)] -&gt; id: signin_password...]</name>
                    <title>Set Text into WebElement "hhjr09fjh"</title>
                    <steps>
                        <step start="1489339123076" stop="1489339123183" status="passed">
                            <name>clearTextField[[[FirefoxDriver: firefox on WINDOWS (bd04a6eb-ce4c-4adc-a1ff-4ed914b06d32)] -&gt; id: signin_password]]</name>
                            <title>Clear Text Field</title>
                        </step>
                        <step start="1489339123184" stop="1489339123184" status="passed">
                            <name>log[Sending text "hhjr09fjh" to element...]</name>
                            <title>Sending text "hhjr09fjh" to element...</title>
                        </step>
                    </steps>
                </step>
                <step start="1489339143412" stop="1489339163571" status="broken">
                    <name>clickButton[Proxy element for: DefaultElementLocator 'By.id: logInButton']</name>
                    <title>Click Button</title>
                </step>
            </steps>
            <attachments>
                <attachment title="Screenshot" source="1c3851b4-c78d-4438-821d-5b1af8dba07b-attachment.png" type="image/png" size="68113"/>
                <attachment title="HTML Document" source="d9a3b2e9-1231-48cf-89cf-54710c71f652-attachment.html" type="text/html" size="39713"/>
                <attachment title="Browser Log" source="53b91f23-dd61-411e-bed3-b2fa19f43ff7-attachment.html" type="text/html" size="50481"/>
            </attachments>
            <labels>
                <label name="severity" value="blocker"/>
                <label name="host" value="OKHYTRUK-N"/>
                <label name="thread" value="1696@OKHYTRUK-N.main(1)"/>
            </labels>
        </test-case>
        <test-case start="1489339178812" stop="1489339235374" status="broken">
            <name>loginValidUser</name>
            <title>Login as Valid User</title>
            <description type="text">Should login as valid user</description>
            <failure>
                <message>NoSuchElementException: Unable to locate element: {"method":"id","selector":"logInButton"}
Command duration or timeout: 20.15 seconds
For documentation on this error, please visit: http://seleniumhq.org/exceptions/no_such_element.html
Build info: version: '2.53.1', revision: 'a36b8b1cd5757287168e54b817830adce9b0158d', time: '2016-06-30 19:26:09'
System info: host: 'OKHYTRUK-N', ip: '192.168.1.102', os.name: 'Windows 8.1', os.arch: 'amd64', os.version: '6.3', java.version: '1.8.0_101'
Driver info: org.openqa.selenium.firefox.FirefoxDriver
Capabilities [{applicationCacheEnabled=true, rotatable=false, handlesAlerts=true, databaseEnabled=true, version=47.0.2, platform=WINDOWS, nativeEvents=false, acceptSslCerts=true, webStorageEnabled=true, locationContextEnabled=true, browserName=firefox, takesScreenshot=true, javascriptEnabled=true, cssSelectorsEnabled=true}]
Session ID: 07567f27-f502-4716-903b-1a94f940e9a5
*** Element info: {Using=id, value=logInButton}</message>
                <stack-trace>org.openqa.selenium.NoSuchElementException: Unable to locate element: {"method":"id","selector":"logInButton"}
Command duration or timeout: 20.15 seconds
For documentation on this error, please visit: http://seleniumhq.org/exceptions/no_such_element.html
Build info: version: '2.53.1', revision: 'a36b8b1cd5757287168e54b817830adce9b0158d', time: '2016-06-30 19:26:09'
System info: host: 'OKHYTRUK-N', ip: '192.168.1.102', os.name: 'Windows 8.1', os.arch: 'amd64', os.version: '6.3', java.version: '1.8.0_101'
Driver info: org.openqa.selenium.firefox.FirefoxDriver
Capabilities [{applicationCacheEnabled=true, rotatable=false, handlesAlerts=true, databaseEnabled=true, version=47.0.2, platform=WINDOWS, nativeEvents=false, acceptSslCerts=true, webStorageEnabled=true, locationContextEnabled=true, browserName=firefox, takesScreenshot=true, javascriptEnabled=true, cssSelectorsEnabled=true}]
Session ID: 07567f27-f502-4716-903b-1a94f940e9a5
*** Element info: {Using=id, value=logInButton}
	at sun.reflect.NativeConstructorAccessorImpl.newInstance0(Native Method)
	at sun.reflect.NativeConstructorAccessorImpl.newInstance(NativeConstructorAccessorImpl.java:62)
	at sun.reflect.DelegatingConstructorAccessorImpl.newInstance(DelegatingConstructorAccessorImpl.java:45)
	at java.lang.reflect.Constructor.newInstance(Constructor.java:423)
	at org.openqa.selenium.remote.ErrorHandler.createThrowable(ErrorHandler.java:206)
	at org.openqa.selenium.remote.ErrorHandler.throwIfResponseFailed(ErrorHandler.java:158)
	at org.openqa.selenium.remote.RemoteWebDriver.execute(RemoteWebDriver.java:678)
	at org.openqa.selenium.remote.RemoteWebDriver.findElement(RemoteWebDriver.java:363)
	at org.openqa.selenium.remote.RemoteWebDriver.findElementById(RemoteWebDriver.java:413)
	at org.openqa.selenium.By$ById.findElement(By.java:218)
	at org.openqa.selenium.remote.RemoteWebDriver.findElement(RemoteWebDriver.java:355)
	at org.openqa.selenium.support.pagefactory.DefaultElementLocator.findElement(DefaultElementLocator.java:69)
	at org.openqa.selenium.support.pagefactory.internal.LocatingElementHandler.invoke(LocatingElementHandler.java:38)
	at com.sun.proxy.$Proxy15.click(Unknown Source)
	at helpers.WebLibrary.clickButton(WebLibrary.java:171)
	at LoginTest.loginValidUser(LoginTest.java:57)
	at sun.reflect.NativeMethodAccessorImpl.invoke0(Native Method)
	at sun.reflect.NativeMethodAccessorImpl.invoke(NativeMethodAccessorImpl.java:62)
	at sun.reflect.DelegatingMethodAccessorImpl.invoke(DelegatingMethodAccessorImpl.java:43)
	at java.lang.reflect.Method.invoke(Method.java:498)
	at org.junit.runners.model.FrameworkMethod$1.runReflectiveCall(FrameworkMethod.java:50)
	at org.junit.internal.runners.model.ReflectiveCallable.run(ReflectiveCallable.java:12)
	at org.junit.runners.model.FrameworkMethod.invokeExplosively(FrameworkMethod.java:47)
	at org.junit.internal.runners.statements.InvokeMethod.evaluate(InvokeMethod.java:17)
	at org.junit.internal.runners.statements.RunBefores.evaluate(RunBefores.java:26)
	at org.junit.rules.TestWatcher$1.evaluate(TestWatcher.java:55)
	at org.junit.rules.RunRules.evaluate(RunRules.java:20)
	at org.junit.runners.ParentRunner.runLeaf(ParentRunner.java:325)
	at org.junit.runners.BlockJUnit4ClassRunner.runChild(BlockJUnit4ClassRunner.java:78)
	at org.junit.runners.BlockJUnit4ClassRunner.runChild(BlockJUnit4ClassRunner.java:57)
	at org.junit.runners.ParentRunner$3.run(ParentRunner.java:290)
	at org.junit.runners.ParentRunner$1.schedule(ParentRunner.java:71)
	at org.junit.runners.ParentRunner.runChildren(ParentRunner.java:288)
	at org.junit.runners.ParentRunner.access$000(ParentRunner.java:58)
	at org.junit.runners.ParentRunner$2.evaluate(ParentRunner.java:268)
	at org.junit.internal.runners.statements.RunBefores.evaluate(RunBefores.java:26)
	at org.junit.runners.ParentRunner.run(ParentRunner.java:363)
	at org.apache.maven.surefire.junit4.JUnit4Provider.execute(JUnit4Provider.java:264)
	at org.apache.maven.surefire.junit4.JUnit4Provider.executeTestSet(JUnit4Provider.java:153)
	at org.apache.maven.surefire.junit4.JUnit4Provider.invoke(JUnit4Provider.java:124)
	at sun.reflect.NativeMethodAccessorImpl.invoke0(Native Method)
	at sun.reflect.NativeMethodAccessorImpl.invoke(NativeMethodAccessorImpl.java:62)
	at sun.reflect.DelegatingMethodAccessorImpl.invoke(DelegatingMethodAccessorImpl.java:43)
	at java.lang.reflect.Method.invoke(Method.java:498)
	at org.apache.maven.surefire.util.ReflectionUtils.invokeMethodWithArray2(ReflectionUtils.java:208)
	at org.apache.maven.surefire.booter.ProviderFactory$ProviderProxy.invoke(ProviderFactory.java:158)
	at org.apache.maven.surefire.booter.ProviderFactory.invokeProvider(ProviderFactory.java:86)
	at org.apache.maven.surefire.booter.ForkedBooter.runSuitesInProcess(ForkedBooter.java:153)
	at org.apache.maven.surefire.booter.ForkedBooter.main(ForkedBooter.java:95)
Caused by: org.openqa.selenium.NoSuchElementException: Unable to locate element: {"method":"id","selector":"logInButton"}
For documentation on this error, please visit: http://seleniumhq.org/exceptions/no_such_element.html
Build info: version: '2.53.1', revision: 'a36b8b1cd5757287168e54b817830adce9b0158d', time: '2016-06-30 19:26:09'
System info: host: 'OKHYTRUK-N', ip: '192.168.1.102', os.name: 'Windows 8.1', os.arch: 'amd64', os.version: '6.3', java.version: '1.8.0_101'
Driver info: driver.version: unknown
	at &lt;anonymous class&gt;.FirefoxDriver.prototype.findElementInternal_(file:///C:/Users/OLGA~1.KHY/AppData/Local/Temp/anonymous8439559790137217247webdriver-profile/extensions/fxdriver@googlecode.com/components/driver-component.js:10770)
	at &lt;anonymous class&gt;.fxdriver.Timer.prototype.setTimeout/&lt;.notify(file:///C:/Users/OLGA~1.KHY/AppData/Local/Temp/anonymous8439559790137217247webdriver-profile/extensions/fxdriver@googlecode.com/components/driver-component.js:625)
</stack-trace>
            </failure>
            <steps>
                <step start="1489339178816" stop="1489339179496" status="passed">
                    <name>setUpDriver[FirefoxDriver: firefox on WINDOWS (07567f27-f502-4716-903b-1a94f940e9a5), 20]</name>
                    <title>Setup driver: </title>
                    <steps>
                        <step start="1489339178819" stop="1489339179374" status="passed">
                            <name>maximazeWindow[FirefoxDriver: firefox on WINDOWS (07567f27-f502-4716-903b-1a94f940e9a5)]</name>
                            <title>Maximize window</title>
                        </step>
                        <step start="1489339179377" stop="1489339179496" status="passed">
                            <name>setImplicitlyWait[FirefoxDriver: firefox on WINDOWS (07567f27-f502-4716-903b-1a94f940e9a5), 20]</name>
                            <title>Set implicit wait to "20" sec</title>
                        </step>
                    </steps>
                </step>
                <step start="1489339179499" stop="1489339185871" status="passed">
                    <name>goToUrl[FirefoxDriver: firefox on WINDOWS (07567f27-f502-4716-903b-1a94f940e9a5), http://www.adriatic.hr/]</name>
                    <title>Open URL "http://www.adriatic.hr/"</title>
                </step>
                <step start="1489339186055" stop="1489339186404" status="passed">
                    <name>clickButton[[[FirefoxDriver: firefox on WINDOWS (07567f27-f502-4716-903b-1a94f940e9a5)] -&gt; xpath: //a[@id='signIn']/span...]</name>
                    <title>Click Button</title>
                </step>
                <step start="1489339188210" stop="1489339189724" status="passed">
                    <name>setTextIntoWebElement[[[FirefoxDriver: firefox on WINDOWS (07567f27-f502-4716-903b-1a94f940e9a5)] -&gt; id: signin_username...]</name>
                    <title>Set Text into WebElement "olyahit@gmail.com"</title>
                    <steps>
                        <step start="1489339189071" stop="1489339189331" status="passed">
                            <name>clearTextField[[[FirefoxDriver: firefox on WINDOWS (07567f27-f502-4716-903b-1a94f940e9a5)] -&gt; id: signin_username]]</name>
                            <title>Clear Text Field</title>
                        </step>
                        <step start="1489339189334" stop="1489339189334" status="passed">
                            <name>log[Sending text "olyahit@gmail.com" to element...]</name>
                            <title>Sending text "olyahit@gmail.com" to element...</title>
                        </step>
                    </steps>
                </step>
                <step start="1489339190489" stop="1489339191879" status="passed">
                    <name>setTextIntoWebElement[[[FirefoxDriver: firefox on WINDOWS (07567f27-f502-4716-903b-1a94f940e9a5)] -&gt; id: signin_password...]</name>
                    <title>Set Text into WebElement "Good458"</title>
                    <steps>
                        <step start="1489339191391" stop="1489339191612" status="passed">
                            <name>clearTextField[[[FirefoxDriver: firefox on WINDOWS (07567f27-f502-4716-903b-1a94f940e9a5)] -&gt; id: signin_password]]</name>
                            <title>Clear Text Field</title>
                        </step>
                        <step start="1489339191615" stop="1489339191615" status="passed">
                            <name>log[Sending text "Good458" to element...]</name>
                            <title>Sending text "Good458" to element...</title>
                        </step>
                    </steps>
                </step>
                <step start="1489339191966" stop="1489339192211" status="passed">
                    <name>setCheckBoxState[[[FirefoxDriver: firefox on WINDOWS (07567f27-f502-4716-903b-1a94f940e9a5)] -&gt; xpath: //label[@for="sig...]</name>
                    <title>Set Checkbox State "unchecked"</title>
                    <steps>
                        <step start="1489339192035" stop="1489339192208" status="passed">
                            <name>getCheckBoxState[[[FirefoxDriver: firefox on WINDOWS (07567f27-f502-4716-903b-1a94f940e9a5)] -&gt; xpath: //label[@for="sig...]</name>
                            <title>Get Checkbox State</title>
                        </step>
                        <step start="1489339192211" stop="1489339192211" status="passed">
                            <name>log[checkbox is already unchecked]</name>
                            <title>checkbox is already unchecked</title>
                        </step>
                    </steps>
                </step>
                <step start="1489339212290" stop="1489339232443" status="broken">
                    <name>clickButton[Proxy element for: DefaultElementLocator 'By.id: logInButton']</name>
                    <title>Click Button</title>
                </step>
            </steps>
            <attachments>
                <attachment title="Screenshot" source="cff46aa5-e66b-41d0-b12d-80582875fe16-attachment.png" type="image/png" size="68071"/>
                <attachment title="HTML Document" source="15db2061-6688-4fa7-8e0e-b767fb5e0da6-attachment.html" type="text/html" size="39713"/>
                <attachment title="Browser Log" source="11de82e0-5e46-4ef7-b832-7208de3447a1-attachment.html" type="text/html" size="50481"/>
            </attachments>
            <labels>
                <label name="severity" value="blocker"/>
                <label name="host" value="OKHYTRUK-N"/>
                <label name="thread" value="1696@OKHYTRUK-N.main(1)"/>
            </labels>
        </test-case>
        <test-case start="1489339247867" stop="1489339301248" status="broken">
            <name>resetPasswordWithInvalidEmail</name>
            <title>Reset Password With invalid Email</title>
            <description type="text">Should Reset Password With invalid Email</description>
            <failure>
                <message>NoSuchElementException: Unable to locate element: {"method":"id","selector":"forgetPass"}
Command duration or timeout: 20.11 seconds
For documentation on this error, please visit: http://seleniumhq.org/exceptions/no_such_element.html
Build info: version: '2.53.1', revision: 'a36b8b1cd5757287168e54b817830adce9b0158d', time: '2016-06-30 19:26:09'
System info: host: 'OKHYTRUK-N', ip: '192.168.1.102', os.name: 'Windows 8.1', os.arch: 'amd64', os.version: '6.3', java.version: '1.8.0_101'
Driver info: org.openqa.selenium.firefox.FirefoxDriver
Capabilities [{applicationCacheEnabled=true, rotatable=false, handlesAlerts=true, databaseEnabled=true, version=47.0.2, platform=WINDOWS, nativeEvents=false, acceptSslCerts=true, webStorageEnabled=true, locationContextEnabled=true, browserName=firefox, takesScreenshot=true, javascriptEnabled=true, cssSelectorsEnabled=true}]
Session ID: 6aca7628-fdf2-48e7-84df-95998367f24e
*** Element info: {Using=id, value=forgetPass}</message>
                <stack-trace>org.openqa.selenium.NoSuchElementException: Unable to locate element: {"method":"id","selector":"forgetPass"}
Command duration or timeout: 20.11 seconds
For documentation on this error, please visit: http://seleniumhq.org/exceptions/no_such_element.html
Build info: version: '2.53.1', revision: 'a36b8b1cd5757287168e54b817830adce9b0158d', time: '2016-06-30 19:26:09'
System info: host: 'OKHYTRUK-N', ip: '192.168.1.102', os.name: 'Windows 8.1', os.arch: 'amd64', os.version: '6.3', java.version: '1.8.0_101'
Driver info: org.openqa.selenium.firefox.FirefoxDriver
Capabilities [{applicationCacheEnabled=true, rotatable=false, handlesAlerts=true, databaseEnabled=true, version=47.0.2, platform=WINDOWS, nativeEvents=false, acceptSslCerts=true, webStorageEnabled=true, locationContextEnabled=true, browserName=firefox, takesScreenshot=true, javascriptEnabled=true, cssSelectorsEnabled=true}]
Session ID: 6aca7628-fdf2-48e7-84df-95998367f24e
*** Element info: {Using=id, value=forgetPass}
	at sun.reflect.NativeConstructorAccessorImpl.newInstance0(Native Method)
	at sun.reflect.NativeConstructorAccessorImpl.newInstance(NativeConstructorAccessorImpl.java:62)
	at sun.reflect.DelegatingConstructorAccessorImpl.newInstance(DelegatingConstructorAccessorImpl.java:45)
	at java.lang.reflect.Constructor.newInstance(Constructor.java:423)
	at org.openqa.selenium.remote.ErrorHandler.createThrowable(ErrorHandler.java:206)
	at org.openqa.selenium.remote.ErrorHandler.throwIfResponseFailed(ErrorHandler.java:158)
	at org.openqa.selenium.remote.RemoteWebDriver.execute(RemoteWebDriver.java:678)
	at org.openqa.selenium.remote.RemoteWebDriver.findElement(RemoteWebDriver.java:363)
	at org.openqa.selenium.remote.RemoteWebDriver.findElementById(RemoteWebDriver.java:413)
	at org.openqa.selenium.By$ById.findElement(By.java:218)
	at org.openqa.selenium.remote.RemoteWebDriver.findElement(RemoteWebDriver.java:355)
	at org.openqa.selenium.support.pagefactory.DefaultElementLocator.findElement(DefaultElementLocator.java:69)
	at org.openqa.selenium.support.pagefactory.internal.LocatingElementHandler.invoke(LocatingElementHandler.java:38)
	at com.sun.proxy.$Proxy15.click(Unknown Source)
	at helpers.WebLibrary.clickLink(WebLibrary.java:166)
	at LoginTest.resetPasswordWithInvalidEmail(LoginTest.java:165)
	at sun.reflect.NativeMethodAccessorImpl.invoke0(Native Method)
	at sun.reflect.NativeMethodAccessorImpl.invoke(NativeMethodAccessorImpl.java:62)
	at sun.reflect.DelegatingMethodAccessorImpl.invoke(DelegatingMethodAccessorImpl.java:43)
	at java.lang.reflect.Method.invoke(Method.java:498)
	at org.junit.runners.model.FrameworkMethod$1.runReflectiveCall(FrameworkMethod.java:50)
	at org.junit.internal.runners.model.ReflectiveCallable.run(ReflectiveCallable.java:12)
	at org.junit.runners.model.FrameworkMethod.invokeExplosively(FrameworkMethod.java:47)
	at org.junit.internal.runners.statements.InvokeMethod.evaluate(InvokeMethod.java:17)
	at org.junit.internal.runners.statements.RunBefores.evaluate(RunBefores.java:26)
	at org.junit.rules.TestWatcher$1.evaluate(TestWatcher.java:55)
	at org.junit.rules.RunRules.evaluate(RunRules.java:20)
	at org.junit.runners.ParentRunner.runLeaf(ParentRunner.java:325)
	at org.junit.runners.BlockJUnit4ClassRunner.runChild(BlockJUnit4ClassRunner.java:78)
	at org.junit.runners.BlockJUnit4ClassRunner.runChild(BlockJUnit4ClassRunner.java:57)
	at org.junit.runners.ParentRunner$3.run(ParentRunner.java:290)
	at org.junit.runners.ParentRunner$1.schedule(ParentRunner.java:71)
	at org.junit.runners.ParentRunner.runChildren(ParentRunner.java:288)
	at org.junit.runners.ParentRunner.access$000(ParentRunner.java:58)
	at org.junit.runners.ParentRunner$2.evaluate(ParentRunner.java:268)
	at org.junit.internal.runners.statements.RunBefores.evaluate(RunBefores.java:26)
	at org.junit.runners.ParentRunner.run(ParentRunner.java:363)
	at org.apache.maven.surefire.junit4.JUnit4Provider.execute(JUnit4Provider.java:264)
	at org.apache.maven.surefire.junit4.JUnit4Provider.executeTestSet(JUnit4Provider.java:153)
	at org.apache.maven.surefire.junit4.JUnit4Provider.invoke(JUnit4Provider.java:124)
	at sun.reflect.NativeMethodAccessorImpl.invoke0(Native Method)
	at sun.reflect.NativeMethodAccessorImpl.invoke(NativeMethodAccessorImpl.java:62)
	at sun.reflect.DelegatingMethodAccessorImpl.invoke(DelegatingMethodAccessorImpl.java:43)
	at java.lang.reflect.Method.invoke(Method.java:498)
	at org.apache.maven.surefire.util.ReflectionUtils.invokeMethodWithArray2(ReflectionUtils.java:208)
	at org.apache.maven.surefire.booter.ProviderFactory$ProviderProxy.invoke(ProviderFactory.java:158)
	at org.apache.maven.surefire.booter.ProviderFactory.invokeProvider(ProviderFactory.java:86)
	at org.apache.maven.surefire.booter.ForkedBooter.runSuitesInProcess(ForkedBooter.java:153)
	at org.apache.maven.surefire.booter.ForkedBooter.main(ForkedBooter.java:95)
Caused by: org.openqa.selenium.NoSuchElementException: Unable to locate element: {"method":"id","selector":"forgetPass"}
For documentation on this error, please visit: http://seleniumhq.org/exceptions/no_such_element.html
Build info: version: '2.53.1', revision: 'a36b8b1cd5757287168e54b817830adce9b0158d', time: '2016-06-30 19:26:09'
System info: host: 'OKHYTRUK-N', ip: '192.168.1.102', os.name: 'Windows 8.1', os.arch: 'amd64', os.version: '6.3', java.version: '1.8.0_101'
Driver info: driver.version: unknown
	at &lt;anonymous class&gt;.FirefoxDriver.prototype.findElementInternal_(file:///C:/Users/OLGA~1.KHY/AppData/Local/Temp/anonymous7152317475056607896webdriver-profile/extensions/fxdriver@googlecode.com/components/driver-component.js:10770)
	at &lt;anonymous class&gt;.fxdriver.Timer.prototype.setTimeout/&lt;.notify(file:///C:/Users/OLGA~1.KHY/AppData/Local/Temp/anonymous7152317475056607896webdriver-profile/extensions/fxdriver@googlecode.com/components/driver-component.js:625)
</stack-trace>
            </failure>
            <steps>
                <step start="1489339247869" stop="1489339249273" status="passed">
                    <name>setUpDriver[FirefoxDriver: firefox on WINDOWS (6aca7628-fdf2-48e7-84df-95998367f24e), 20]</name>
                    <title>Setup driver: </title>
                    <steps>
                        <step start="1489339247871" stop="1489339248246" status="passed">
                            <name>maximazeWindow[FirefoxDriver: firefox on WINDOWS (6aca7628-fdf2-48e7-84df-95998367f24e)]</name>
                            <title>Maximize window</title>
                        </step>
                        <step start="1489339248247" stop="1489339249273" status="passed">
                            <name>setImplicitlyWait[FirefoxDriver: firefox on WINDOWS (6aca7628-fdf2-48e7-84df-95998367f24e), 20]</name>
                            <title>Set implicit wait to "20" sec</title>
                        </step>
                    </steps>
                </step>
                <step start="1489339249280" stop="1489339256645" status="passed">
                    <name>goToUrl[FirefoxDriver: firefox on WINDOWS (6aca7628-fdf2-48e7-84df-95998367f24e), http://www.adriatic.hr/]</name>
                    <title>Open URL "http://www.adriatic.hr/"</title>
                </step>
                <step start="1489339256730" stop="1489339256942" status="passed">
                    <name>clickButton[[[FirefoxDriver: firefox on WINDOWS (6aca7628-fdf2-48e7-84df-95998367f24e)] -&gt; xpath: //a[@id='signIn']/span...]</name>
                    <title>Click Button</title>
                </step>
                <step start="1489339278087" stop="1489339298194" status="broken">
                    <name>clickLink[Proxy element for: DefaultElementLocator 'By.id: forgetPass']</name>
                    <title>Click Link</title>
                </step>
            </steps>
            <attachments>
                <attachment title="Screenshot" source="03b75801-20ad-4aec-bfe9-d20d1a57dc3d-attachment.png" type="image/png" size="67840"/>
                <attachment title="HTML Document" source="52077e73-db01-49d7-821e-d88f802b910d-attachment.html" type="text/html" size="39729"/>
                <attachment title="Browser Log" source="13655a10-5996-426c-a889-744df5cbd76c-attachment.html" type="text/html" size="50132"/>
            </attachments>
            <labels>
                <label name="severity" value="blocker"/>
                <label name="host" value="OKHYTRUK-N"/>
                <label name="thread" value="1696@OKHYTRUK-N.main(1)"/>
            </labels>
        </test-case>
        <test-case start="1489339301251" stop="1489339301254" status="pending">
            <name>resetPasswordWithValidEmail</name>
            <title>Reset Password With Valid Email</title>
            <description type="text">Should Reset Password With Valid Email</description>
            <failure>
                <message>Test ignored (without reason)!</message>
                <stack-trace>There are no stack trace</stack-trace>
            </failure>
            <steps/>
            <attachments/>
            <labels>
                <label name="severity" value="blocker"/>
                <label name="host" value="OKHYTRUK-N"/>
                <label name="thread" value="1696@OKHYTRUK-N.main(1)"/>
            </labels>
        </test-case>
        <test-case start="1489339317175" stop="1489339376195" status="broken">
            <name>signOut</name>
            <title>Sign Out</title>
            <description type="text">Should sign out</description>
            <failure>
                <message>NoSuchElementException: Unable to locate element: {"method":"id","selector":"logInButton"}
Command duration or timeout: 20.14 seconds
For documentation on this error, please visit: http://seleniumhq.org/exceptions/no_such_element.html
Build info: version: '2.53.1', revision: 'a36b8b1cd5757287168e54b817830adce9b0158d', time: '2016-06-30 19:26:09'
System info: host: 'OKHYTRUK-N', ip: '192.168.1.102', os.name: 'Windows 8.1', os.arch: 'amd64', os.version: '6.3', java.version: '1.8.0_101'
Driver info: org.openqa.selenium.firefox.FirefoxDriver
Capabilities [{applicationCacheEnabled=true, rotatable=false, handlesAlerts=true, databaseEnabled=true, version=47.0.2, platform=WINDOWS, nativeEvents=false, acceptSslCerts=true, webStorageEnabled=true, locationContextEnabled=true, browserName=firefox, takesScreenshot=true, javascriptEnabled=true, cssSelectorsEnabled=true}]
Session ID: 816b8281-5a86-4cf6-b597-78b7c05ff272
*** Element info: {Using=id, value=logInButton}</message>
                <stack-trace>org.openqa.selenium.NoSuchElementException: Unable to locate element: {"method":"id","selector":"logInButton"}
Command duration or timeout: 20.14 seconds
For documentation on this error, please visit: http://seleniumhq.org/exceptions/no_such_element.html
Build info: version: '2.53.1', revision: 'a36b8b1cd5757287168e54b817830adce9b0158d', time: '2016-06-30 19:26:09'
System info: host: 'OKHYTRUK-N', ip: '192.168.1.102', os.name: 'Windows 8.1', os.arch: 'amd64', os.version: '6.3', java.version: '1.8.0_101'
Driver info: org.openqa.selenium.firefox.FirefoxDriver
Capabilities [{applicationCacheEnabled=true, rotatable=false, handlesAlerts=true, databaseEnabled=true, version=47.0.2, platform=WINDOWS, nativeEvents=false, acceptSslCerts=true, webStorageEnabled=true, locationContextEnabled=true, browserName=firefox, takesScreenshot=true, javascriptEnabled=true, cssSelectorsEnabled=true}]
Session ID: 816b8281-5a86-4cf6-b597-78b7c05ff272
*** Element info: {Using=id, value=logInButton}
	at sun.reflect.NativeConstructorAccessorImpl.newInstance0(Native Method)
	at sun.reflect.NativeConstructorAccessorImpl.newInstance(NativeConstructorAccessorImpl.java:62)
	at sun.reflect.DelegatingConstructorAccessorImpl.newInstance(DelegatingConstructorAccessorImpl.java:45)
	at java.lang.reflect.Constructor.newInstance(Constructor.java:423)
	at org.openqa.selenium.remote.ErrorHandler.createThrowable(ErrorHandler.java:206)
	at org.openqa.selenium.remote.ErrorHandler.throwIfResponseFailed(ErrorHandler.java:158)
	at org.openqa.selenium.remote.RemoteWebDriver.execute(RemoteWebDriver.java:678)
	at org.openqa.selenium.remote.RemoteWebDriver.findElement(RemoteWebDriver.java:363)
	at org.openqa.selenium.remote.RemoteWebDriver.findElementById(RemoteWebDriver.java:413)
	at org.openqa.selenium.By$ById.findElement(By.java:218)
	at org.openqa.selenium.remote.RemoteWebDriver.findElement(RemoteWebDriver.java:355)
	at org.openqa.selenium.support.pagefactory.DefaultElementLocator.findElement(DefaultElementLocator.java:69)
	at org.openqa.selenium.support.pagefactory.internal.LocatingElementHandler.invoke(LocatingElementHandler.java:38)
	at com.sun.proxy.$Proxy15.click(Unknown Source)
	at helpers.WebLibrary.clickButton(WebLibrary.java:171)
	at LoginTest.signOut(LoginTest.java:125)
	at sun.reflect.NativeMethodAccessorImpl.invoke0(Native Method)
	at sun.reflect.NativeMethodAccessorImpl.invoke(NativeMethodAccessorImpl.java:62)
	at sun.reflect.DelegatingMethodAccessorImpl.invoke(DelegatingMethodAccessorImpl.java:43)
	at java.lang.reflect.Method.invoke(Method.java:498)
	at org.junit.runners.model.FrameworkMethod$1.runReflectiveCall(FrameworkMethod.java:50)
	at org.junit.internal.runners.model.ReflectiveCallable.run(ReflectiveCallable.java:12)
	at org.junit.runners.model.FrameworkMethod.invokeExplosively(FrameworkMethod.java:47)
	at org.junit.internal.runners.statements.InvokeMethod.evaluate(InvokeMethod.java:17)
	at org.junit.internal.runners.statements.RunBefores.evaluate(RunBefores.java:26)
	at org.junit.rules.TestWatcher$1.evaluate(TestWatcher.java:55)
	at org.junit.rules.RunRules.evaluate(RunRules.java:20)
	at org.junit.runners.ParentRunner.runLeaf(ParentRunner.java:325)
	at org.junit.runners.BlockJUnit4ClassRunner.runChild(BlockJUnit4ClassRunner.java:78)
	at org.junit.runners.BlockJUnit4ClassRunner.runChild(BlockJUnit4ClassRunner.java:57)
	at org.junit.runners.ParentRunner$3.run(ParentRunner.java:290)
	at org.junit.runners.ParentRunner$1.schedule(ParentRunner.java:71)
	at org.junit.runners.ParentRunner.runChildren(ParentRunner.java:288)
	at org.junit.runners.ParentRunner.access$000(ParentRunner.java:58)
	at org.junit.runners.ParentRunner$2.evaluate(ParentRunner.java:268)
	at org.junit.internal.runners.statements.RunBefores.evaluate(RunBefores.java:26)
	at org.junit.runners.ParentRunner.run(ParentRunner.java:363)
	at org.apache.maven.surefire.junit4.JUnit4Provider.execute(JUnit4Provider.java:264)
	at org.apache.maven.surefire.junit4.JUnit4Provider.executeTestSet(JUnit4Provider.java:153)
	at org.apache.maven.surefire.junit4.JUnit4Provider.invoke(JUnit4Provider.java:124)
	at sun.reflect.NativeMethodAccessorImpl.invoke0(Native Method)
	at sun.reflect.NativeMethodAccessorImpl.invoke(NativeMethodAccessorImpl.java:62)
	at sun.reflect.DelegatingMethodAccessorImpl.invoke(DelegatingMethodAccessorImpl.java:43)
	at java.lang.reflect.Method.invoke(Method.java:498)
	at org.apache.maven.surefire.util.ReflectionUtils.invokeMethodWithArray2(ReflectionUtils.java:208)
	at org.apache.maven.surefire.booter.ProviderFactory$ProviderProxy.invoke(ProviderFactory.java:158)
	at org.apache.maven.surefire.booter.ProviderFactory.invokeProvider(ProviderFactory.java:86)
	at org.apache.maven.surefire.booter.ForkedBooter.runSuitesInProcess(ForkedBooter.java:153)
	at org.apache.maven.surefire.booter.ForkedBooter.main(ForkedBooter.java:95)
Caused by: org.openqa.selenium.NoSuchElementException: Unable to locate element: {"method":"id","selector":"logInButton"}
For documentation on this error, please visit: http://seleniumhq.org/exceptions/no_such_element.html
Build info: version: '2.53.1', revision: 'a36b8b1cd5757287168e54b817830adce9b0158d', time: '2016-06-30 19:26:09'
System info: host: 'OKHYTRUK-N', ip: '192.168.1.102', os.name: 'Windows 8.1', os.arch: 'amd64', os.version: '6.3', java.version: '1.8.0_101'
Driver info: driver.version: unknown
	at &lt;anonymous class&gt;.FirefoxDriver.prototype.findElementInternal_(file:///C:/Users/OLGA~1.KHY/AppData/Local/Temp/anonymous8200664161152746405webdriver-profile/extensions/fxdriver@googlecode.com/components/driver-component.js:10770)
	at &lt;anonymous class&gt;.fxdriver.Timer.prototype.setTimeout/&lt;.notify(file:///C:/Users/OLGA~1.KHY/AppData/Local/Temp/anonymous8200664161152746405webdriver-profile/extensions/fxdriver@googlecode.com/components/driver-component.js:625)
</stack-trace>
            </failure>
            <steps>
                <step start="1489339317179" stop="1489339318767" status="passed">
                    <name>setUpDriver[FirefoxDriver: firefox on WINDOWS (816b8281-5a86-4cf6-b597-78b7c05ff272), 20]</name>
                    <title>Setup driver: </title>
                    <steps>
                        <step start="1489339317183" stop="1489339318307" status="passed">
                            <name>maximazeWindow[FirefoxDriver: firefox on WINDOWS (816b8281-5a86-4cf6-b597-78b7c05ff272)]</name>
                            <title>Maximize window</title>
                        </step>
                        <step start="1489339318310" stop="1489339318767" status="passed">
                            <name>setImplicitlyWait[FirefoxDriver: firefox on WINDOWS (816b8281-5a86-4cf6-b597-78b7c05ff272), 20]</name>
                            <title>Set implicit wait to "20" sec</title>
                        </step>
                    </steps>
                </step>
                <step start="1489339318770" stop="1489339325586" status="passed">
                    <name>goToUrl[FirefoxDriver: firefox on WINDOWS (816b8281-5a86-4cf6-b597-78b7c05ff272), http://www.adriatic.hr/]</name>
                    <title>Open URL "http://www.adriatic.hr/"</title>
                </step>
                <step start="1489339325778" stop="1489339326108" status="passed">
                    <name>clickButton[[[FirefoxDriver: firefox on WINDOWS (816b8281-5a86-4cf6-b597-78b7c05ff272)] -&gt; xpath: //a[@id='signIn']/span...]</name>
                    <title>Click Button</title>
                </step>
                <step start="1489339329488" stop="1489339331703" status="passed">
                    <name>setTextIntoWebElement[[[FirefoxDriver: firefox on WINDOWS (816b8281-5a86-4cf6-b597-78b7c05ff272)] -&gt; id: signin_username...]</name>
                    <title>Set Text into WebElement "olyahit@gmail.com"</title>
                    <steps>
                        <step start="1489339330417" stop="1489339330678" status="passed">
                            <name>clearTextField[[[FirefoxDriver: firefox on WINDOWS (816b8281-5a86-4cf6-b597-78b7c05ff272)] -&gt; id: signin_username]]</name>
                            <title>Clear Text Field</title>
                        </step>
                        <step start="1489339330682" stop="1489339330682" status="passed">
                            <name>log[Sending text "olyahit@gmail.com" to element...]</name>
                            <title>Sending text "olyahit@gmail.com" to element...</title>
                        </step>
                    </steps>
                </step>
                <step start="1489339331765" stop="1489339332621" status="passed">
                    <name>setTextIntoWebElement[[[FirefoxDriver: firefox on WINDOWS (816b8281-5a86-4cf6-b597-78b7c05ff272)] -&gt; id: signin_password...]</name>
                    <title>Set Text into WebElement "Good458"</title>
                    <steps>
                        <step start="1489339332258" stop="1489339332387" status="passed">
                            <name>clearTextField[[[FirefoxDriver: firefox on WINDOWS (816b8281-5a86-4cf6-b597-78b7c05ff272)] -&gt; id: signin_password]]</name>
                            <title>Clear Text Field</title>
                        </step>
                        <step start="1489339332390" stop="1489339332390" status="passed">
                            <name>log[Sending text "Good458" to element...]</name>
                            <title>Sending text "Good458" to element...</title>
                        </step>
                    </steps>
                </step>
                <step start="1489339332721" stop="1489339332970" status="passed">
                    <name>setCheckBoxState[[[FirefoxDriver: firefox on WINDOWS (816b8281-5a86-4cf6-b597-78b7c05ff272)] -&gt; xpath: //label[@for="sig...]</name>
                    <title>Set Checkbox State "unchecked"</title>
                    <steps>
                        <step start="1489339332808" stop="1489339332967" status="passed">
                            <name>getCheckBoxState[[[FirefoxDriver: firefox on WINDOWS (816b8281-5a86-4cf6-b597-78b7c05ff272)] -&gt; xpath: //label[@for="sig...]</name>
                            <title>Get Checkbox State</title>
                        </step>
                        <step start="1489339332970" stop="1489339332970" status="passed">
                            <name>log[checkbox is already unchecked]</name>
                            <title>checkbox is already unchecked</title>
                        </step>
                    </steps>
                </step>
                <step start="1489339353122" stop="1489339373264" status="broken">
                    <name>clickButton[Proxy element for: DefaultElementLocator 'By.id: logInButton']</name>
                    <title>Click Button</title>
                </step>
            </steps>
            <attachments>
                <attachment title="Screenshot" source="ca39dd93-6c84-4ed0-aa18-45d0be56cf64-attachment.png" type="image/png" size="68071"/>
                <attachment title="HTML Document" source="3c86b551-832f-49e3-8b0a-4ef909f94287-attachment.html" type="text/html" size="39755"/>
                <attachment title="Browser Log" source="a650c3ba-c83e-4b81-a525-0bab41a2c620-attachment.html" type="text/html" size="50481"/>
            </attachments>
            <labels>
                <label name="severity" value="blocker"/>
                <label name="host" value="OKHYTRUK-N"/>
                <label name="thread" value="1696@OKHYTRUK-N.main(1)"/>
            </labels>
        </test-case>
    </test-cases>
    <labels>
        <label name="story" value="Login Test"/>
        <label name="feature" value="Login"/>
        <label name="framework" value="JUnit"/>
        <label name="language" value="JAVA"/>
    </labels>
</ns2:test-suite>
