<?xml version="1.0" encoding="UTF-8" standalone="yes"?>
<ns2:test-suite start="1489339663465" stop="1489340230063" version="1.4.14" xmlns:ns2="urn:model.allure.qatools.yandex.ru">
    <name>ReservationTest</name>
    <title>suite:Reservation Test</title>
    <description type="text">Reservation Functionality:</description>
    <test-cases>
        <test-case start="1489339663466" stop="1489339700176" status="broken">
            <name>calculationReservationWithExistingUser</name>
            <title>Calculation Reservation With Existing User</title>
            <description type="text">Should calculate Reservation for Existing User</description>
            <failure>
                <message>NoSuchElementException: Unable to locate element: {"method":"id","selector":"R_u_0_a1"}
Command duration or timeout: 20.54 seconds
For documentation on this error, please visit: http://seleniumhq.org/exceptions/no_such_element.html
Build info: version: '2.53.1', revision: 'a36b8b1cd5757287168e54b817830adce9b0158d', time: '2016-06-30 19:26:09'
System info: host: 'OKHYTRUK-N', ip: '192.168.1.102', os.name: 'Windows 8.1', os.arch: 'amd64', os.version: '6.3', java.version: '1.8.0_101'
Driver info: org.openqa.selenium.firefox.FirefoxDriver
Capabilities [{applicationCacheEnabled=true, rotatable=false, handlesAlerts=true, databaseEnabled=true, version=47.0.2, platform=WINDOWS, nativeEvents=false, acceptSslCerts=true, webStorageEnabled=true, locationContextEnabled=true, browserName=firefox, takesScreenshot=true, javascriptEnabled=true, cssSelectorsEnabled=true}]
Session ID: 38c98377-d0e5-44f5-a2bd-7eca2c5a702f
*** Element info: {Using=id, value=R_u_0_a1}</message>
                <stack-trace>org.openqa.selenium.NoSuchElementException: Unable to locate element: {"method":"id","selector":"R_u_0_a1"}
Command duration or timeout: 20.54 seconds
For documentation on this error, please visit: http://seleniumhq.org/exceptions/no_such_element.html
Build info: version: '2.53.1', revision: 'a36b8b1cd5757287168e54b817830adce9b0158d', time: '2016-06-30 19:26:09'
System info: host: 'OKHYTRUK-N', ip: '192.168.1.102', os.name: 'Windows 8.1', os.arch: 'amd64', os.version: '6.3', java.version: '1.8.0_101'
Driver info: org.openqa.selenium.firefox.FirefoxDriver
Capabilities [{applicationCacheEnabled=true, rotatable=false, handlesAlerts=true, databaseEnabled=true, version=47.0.2, platform=WINDOWS, nativeEvents=false, acceptSslCerts=true, webStorageEnabled=true, locationContextEnabled=true, browserName=firefox, takesScreenshot=true, javascriptEnabled=true, cssSelectorsEnabled=true}]
Session ID: 38c98377-d0e5-44f5-a2bd-7eca2c5a702f
*** Element info: {Using=id, value=R_u_0_a1}
	at sun.reflect.NativeConstructorAccessorImpl.newInstance0(Native Method)
	at sun.reflect.NativeConstructorAccessorImpl.newInstance(NativeConstructorAccessorImpl.java:62)
	at sun.reflect.DelegatingConstructorAccessorImpl.newInstance(DelegatingConstructorAccessorImpl.java:45)
	at java.lang.reflect.Constructor.newInstance(Constructor.java:423)
	at org.openqa.selenium.remote.ErrorHandler.createThrowable(ErrorHandler.java:206)
	at org.openqa.selenium.remote.ErrorHandler.throwIfResponseFailed(ErrorHandler.java:158)
	at org.openqa.selenium.remote.RemoteWebDriver.execute(RemoteWebDriver.java:678)
	at org.openqa.selenium.remote.RemoteWebDriver.findElement(RemoteWebDriver.java:363)
	at org.openqa.selenium.remote.RemoteWebDriver.findElementById(RemoteWebDriver.java:413)
	at org.openqa.selenium.By$ById.findElement(By.java:218)
	at org.openqa.selenium.remote.RemoteWebDriver.findElement(RemoteWebDriver.java:355)
	at org.openqa.selenium.support.pagefactory.DefaultElementLocator.findElement(DefaultElementLocator.java:69)
	at org.openqa.selenium.support.pagefactory.internal.LocatingElementHandler.invoke(LocatingElementHandler.java:38)
	at com.sun.proxy.$Proxy15.getTagName(Unknown Source)
	at org.openqa.selenium.support.ui.Select.&lt;init&gt;(Select.java:44)
	at businessFunctions.SearchTrip.calculationReservation(SearchTrip.java:130)
	at ReservationTest.calculationReservationWithExistingUser(ReservationTest.java:54)
	at sun.reflect.NativeMethodAccessorImpl.invoke0(Native Method)
	at sun.reflect.NativeMethodAccessorImpl.invoke(NativeMethodAccessorImpl.java:62)
	at sun.reflect.DelegatingMethodAccessorImpl.invoke(DelegatingMethodAccessorImpl.java:43)
	at java.lang.reflect.Method.invoke(Method.java:498)
	at org.junit.runners.model.FrameworkMethod$1.runReflectiveCall(FrameworkMethod.java:50)
	at org.junit.internal.runners.model.ReflectiveCallable.run(ReflectiveCallable.java:12)
	at org.junit.runners.model.FrameworkMethod.invokeExplosively(FrameworkMethod.java:47)
	at org.junit.internal.runners.statements.InvokeMethod.evaluate(InvokeMethod.java:17)
	at org.junit.internal.runners.statements.RunBefores.evaluate(RunBefores.java:26)
	at org.junit.rules.TestWatcher$1.evaluate(TestWatcher.java:55)
	at org.junit.rules.RunRules.evaluate(RunRules.java:20)
	at org.junit.runners.ParentRunner.runLeaf(ParentRunner.java:325)
	at org.junit.runners.BlockJUnit4ClassRunner.runChild(BlockJUnit4ClassRunner.java:78)
	at org.junit.runners.BlockJUnit4ClassRunner.runChild(BlockJUnit4ClassRunner.java:57)
	at org.junit.runners.ParentRunner$3.run(ParentRunner.java:290)
	at org.junit.runners.ParentRunner$1.schedule(ParentRunner.java:71)
	at org.junit.runners.ParentRunner.runChildren(ParentRunner.java:288)
	at org.junit.runners.ParentRunner.access$000(ParentRunner.java:58)
	at org.junit.runners.ParentRunner$2.evaluate(ParentRunner.java:268)
	at org.junit.internal.runners.statements.RunBefores.evaluate(RunBefores.java:26)
	at org.junit.runners.ParentRunner.run(ParentRunner.java:363)
	at org.apache.maven.surefire.junit4.JUnit4Provider.execute(JUnit4Provider.java:264)
	at org.apache.maven.surefire.junit4.JUnit4Provider.executeTestSet(JUnit4Provider.java:153)
	at org.apache.maven.surefire.junit4.JUnit4Provider.invoke(JUnit4Provider.java:124)
	at sun.reflect.NativeMethodAccessorImpl.invoke0(Native Method)
	at sun.reflect.NativeMethodAccessorImpl.invoke(NativeMethodAccessorImpl.java:62)
	at sun.reflect.DelegatingMethodAccessorImpl.invoke(DelegatingMethodAccessorImpl.java:43)
	at java.lang.reflect.Method.invoke(Method.java:498)
	at org.apache.maven.surefire.util.ReflectionUtils.invokeMethodWithArray2(ReflectionUtils.java:208)
	at org.apache.maven.surefire.booter.ProviderFactory$ProviderProxy.invoke(ProviderFactory.java:158)
	at org.apache.maven.surefire.booter.ProviderFactory.invokeProvider(ProviderFactory.java:86)
	at org.apache.maven.surefire.booter.ForkedBooter.runSuitesInProcess(ForkedBooter.java:153)
	at org.apache.maven.surefire.booter.ForkedBooter.main(ForkedBooter.java:95)
Caused by: org.openqa.selenium.NoSuchElementException: Unable to locate element: {"method":"id","selector":"R_u_0_a1"}
For documentation on this error, please visit: http://seleniumhq.org/exceptions/no_such_element.html
Build info: version: '2.53.1', revision: 'a36b8b1cd5757287168e54b817830adce9b0158d', time: '2016-06-30 19:26:09'
System info: host: 'OKHYTRUK-N', ip: '192.168.1.102', os.name: 'Windows 8.1', os.arch: 'amd64', os.version: '6.3', java.version: '1.8.0_101'
Driver info: driver.version: unknown
	at &lt;anonymous class&gt;.FirefoxDriver.prototype.findElementInternal_(file:///C:/Users/OLGA~1.KHY/AppData/Local/Temp/anonymous8000323244448477787webdriver-profile/extensions/fxdriver@googlecode.com/components/driver-component.js:10770)
	at &lt;anonymous class&gt;.fxdriver.Timer.prototype.setTimeout/&lt;.notify(file:///C:/Users/OLGA~1.KHY/AppData/Local/Temp/anonymous8000323244448477787webdriver-profile/extensions/fxdriver@googlecode.com/components/driver-component.js:625)
</stack-trace>
            </failure>
            <steps>
                <step start="1489339663467" stop="1489339663767" status="passed">
                    <name>setUpDriver[FirefoxDriver: firefox on WINDOWS (38c98377-d0e5-44f5-a2bd-7eca2c5a702f), 20]</name>
                    <title>Setup driver: </title>
                    <steps>
                        <step start="1489339663468" stop="1489339663624" status="passed">
                            <name>maximazeWindow[FirefoxDriver: firefox on WINDOWS (38c98377-d0e5-44f5-a2bd-7eca2c5a702f)]</name>
                            <title>Maximize window</title>
                        </step>
                        <step start="1489339663628" stop="1489339663767" status="passed">
                            <name>setImplicitlyWait[FirefoxDriver: firefox on WINDOWS (38c98377-d0e5-44f5-a2bd-7eca2c5a702f), 20]</name>
                            <title>Set implicit wait to "20" sec</title>
                        </step>
                    </steps>
                </step>
                <step start="1489339663768" stop="1489339668034" status="passed">
                    <name>goToUrl[FirefoxDriver: firefox on WINDOWS (38c98377-d0e5-44f5-a2bd-7eca2c5a702f), http://www.adriatic.hr/]</name>
                    <title>Open URL "http://www.adriatic.hr/"</title>
                </step>
                <step start="1489339668036" stop="1489339691887" status="broken">
                    <name>calculationReservation[businessFunctions.ReservationParams@4de3a1ca]</name>
                    <title>Calculation Reservation:</title>
                    <steps>
                        <step start="1489339668037" stop="1489339668037" status="passed">
                            <name>log[click beachAccommodation]</name>
                            <title>click beachAccommodation</title>
                        </step>
                        <step start="1489339668140" stop="1489339668554" status="passed">
                            <name>clickWebElement[[[FirefoxDriver: firefox on WINDOWS (38c98377-d0e5-44f5-a2bd-7eca2c5a702f)] -&gt; xpath: //img[contains(@al...]</name>
                            <title>Click web element</title>
                        </step>
                        <step start="1489339668556" stop="1489339668556" status="passed">
                            <name>log[click detailedPresentationButton]</name>
                            <title>click detailedPresentationButton</title>
                        </step>
                        <step start="1489339670819" stop="1489339671344" status="passed">
                            <name>clickButton[[[FirefoxDriver: firefox on WINDOWS (38c98377-d0e5-44f5-a2bd-7eca2c5a702f)] -&gt; xpath: (//a[contains(@class,'...]</name>
                            <title>Click Button</title>
                        </step>
                        <step start="1489339671345" stop="1489339671345" status="passed">
                            <name>log[select number of adults from dropdown "2"]</name>
                            <title>select number of adults from dropdown "2"</title>
                        </step>
                    </steps>
                </step>
            </steps>
            <attachments>
                <attachment title="Screenshot" source="b64a9088-8a7a-4224-86d4-43e09e29499a-attachment.png" type="image/png" size="946537"/>
                <attachment title="HTML Document" source="3b599d4f-e03f-4d24-80f6-2b4f13575d08-attachment.html" type="text/html" size="179705"/>
                <attachment title="Browser Log" source="66e08616-391f-4f7e-a94e-0492ba463882-attachment.html" type="text/html" size="62704"/>
            </attachments>
            <labels>
                <label name="severity" value="blocker"/>
                <label name="host" value="OKHYTRUK-N"/>
                <label name="thread" value="1696@OKHYTRUK-N.main(1)"/>
            </labels>
        </test-case>
        <test-case start="1489339713664" stop="1489339749778" status="broken">
            <name>calculationReservationWithNewUser</name>
            <title>Calculation Reservation With New User</title>
            <description type="text">Should calculate Reservation for new User</description>
            <failure>
                <message>NoSuchElementException: Unable to locate element: {"method":"id","selector":"R_u_0_a1"}
Command duration or timeout: 20.64 seconds
For documentation on this error, please visit: http://seleniumhq.org/exceptions/no_such_element.html
Build info: version: '2.53.1', revision: 'a36b8b1cd5757287168e54b817830adce9b0158d', time: '2016-06-30 19:26:09'
System info: host: 'OKHYTRUK-N', ip: '192.168.1.102', os.name: 'Windows 8.1', os.arch: 'amd64', os.version: '6.3', java.version: '1.8.0_101'
Driver info: org.openqa.selenium.firefox.FirefoxDriver
Capabilities [{applicationCacheEnabled=true, rotatable=false, handlesAlerts=true, databaseEnabled=true, version=47.0.2, platform=WINDOWS, nativeEvents=false, acceptSslCerts=true, webStorageEnabled=true, locationContextEnabled=true, browserName=firefox, takesScreenshot=true, javascriptEnabled=true, cssSelectorsEnabled=true}]
Session ID: 64c7f2e2-39e3-4c37-b467-90f28f1d913d
*** Element info: {Using=id, value=R_u_0_a1}</message>
                <stack-trace>org.openqa.selenium.NoSuchElementException: Unable to locate element: {"method":"id","selector":"R_u_0_a1"}
Command duration or timeout: 20.64 seconds
For documentation on this error, please visit: http://seleniumhq.org/exceptions/no_such_element.html
Build info: version: '2.53.1', revision: 'a36b8b1cd5757287168e54b817830adce9b0158d', time: '2016-06-30 19:26:09'
System info: host: 'OKHYTRUK-N', ip: '192.168.1.102', os.name: 'Windows 8.1', os.arch: 'amd64', os.version: '6.3', java.version: '1.8.0_101'
Driver info: org.openqa.selenium.firefox.FirefoxDriver
Capabilities [{applicationCacheEnabled=true, rotatable=false, handlesAlerts=true, databaseEnabled=true, version=47.0.2, platform=WINDOWS, nativeEvents=false, acceptSslCerts=true, webStorageEnabled=true, locationContextEnabled=true, browserName=firefox, takesScreenshot=true, javascriptEnabled=true, cssSelectorsEnabled=true}]
Session ID: 64c7f2e2-39e3-4c37-b467-90f28f1d913d
*** Element info: {Using=id, value=R_u_0_a1}
	at sun.reflect.NativeConstructorAccessorImpl.newInstance0(Native Method)
	at sun.reflect.NativeConstructorAccessorImpl.newInstance(NativeConstructorAccessorImpl.java:62)
	at sun.reflect.DelegatingConstructorAccessorImpl.newInstance(DelegatingConstructorAccessorImpl.java:45)
	at java.lang.reflect.Constructor.newInstance(Constructor.java:423)
	at org.openqa.selenium.remote.ErrorHandler.createThrowable(ErrorHandler.java:206)
	at org.openqa.selenium.remote.ErrorHandler.throwIfResponseFailed(ErrorHandler.java:158)
	at org.openqa.selenium.remote.RemoteWebDriver.execute(RemoteWebDriver.java:678)
	at org.openqa.selenium.remote.RemoteWebDriver.findElement(RemoteWebDriver.java:363)
	at org.openqa.selenium.remote.RemoteWebDriver.findElementById(RemoteWebDriver.java:413)
	at org.openqa.selenium.By$ById.findElement(By.java:218)
	at org.openqa.selenium.remote.RemoteWebDriver.findElement(RemoteWebDriver.java:355)
	at org.openqa.selenium.support.pagefactory.DefaultElementLocator.findElement(DefaultElementLocator.java:69)
	at org.openqa.selenium.support.pagefactory.internal.LocatingElementHandler.invoke(LocatingElementHandler.java:38)
	at com.sun.proxy.$Proxy15.getTagName(Unknown Source)
	at org.openqa.selenium.support.ui.Select.&lt;init&gt;(Select.java:44)
	at businessFunctions.SearchTrip.calculationReservation(SearchTrip.java:130)
	at ReservationTest.calculationReservationWithNewUser(ReservationTest.java:75)
	at sun.reflect.NativeMethodAccessorImpl.invoke0(Native Method)
	at sun.reflect.NativeMethodAccessorImpl.invoke(NativeMethodAccessorImpl.java:62)
	at sun.reflect.DelegatingMethodAccessorImpl.invoke(DelegatingMethodAccessorImpl.java:43)
	at java.lang.reflect.Method.invoke(Method.java:498)
	at org.junit.runners.model.FrameworkMethod$1.runReflectiveCall(FrameworkMethod.java:50)
	at org.junit.internal.runners.model.ReflectiveCallable.run(ReflectiveCallable.java:12)
	at org.junit.runners.model.FrameworkMethod.invokeExplosively(FrameworkMethod.java:47)
	at org.junit.internal.runners.statements.InvokeMethod.evaluate(InvokeMethod.java:17)
	at org.junit.internal.runners.statements.RunBefores.evaluate(RunBefores.java:26)
	at org.junit.rules.TestWatcher$1.evaluate(TestWatcher.java:55)
	at org.junit.rules.RunRules.evaluate(RunRules.java:20)
	at org.junit.runners.ParentRunner.runLeaf(ParentRunner.java:325)
	at org.junit.runners.BlockJUnit4ClassRunner.runChild(BlockJUnit4ClassRunner.java:78)
	at org.junit.runners.BlockJUnit4ClassRunner.runChild(BlockJUnit4ClassRunner.java:57)
	at org.junit.runners.ParentRunner$3.run(ParentRunner.java:290)
	at org.junit.runners.ParentRunner$1.schedule(ParentRunner.java:71)
	at org.junit.runners.ParentRunner.runChildren(ParentRunner.java:288)
	at org.junit.runners.ParentRunner.access$000(ParentRunner.java:58)
	at org.junit.runners.ParentRunner$2.evaluate(ParentRunner.java:268)
	at org.junit.internal.runners.statements.RunBefores.evaluate(RunBefores.java:26)
	at org.junit.runners.ParentRunner.run(ParentRunner.java:363)
	at org.apache.maven.surefire.junit4.JUnit4Provider.execute(JUnit4Provider.java:264)
	at org.apache.maven.surefire.junit4.JUnit4Provider.executeTestSet(JUnit4Provider.java:153)
	at org.apache.maven.surefire.junit4.JUnit4Provider.invoke(JUnit4Provider.java:124)
	at sun.reflect.NativeMethodAccessorImpl.invoke0(Native Method)
	at sun.reflect.NativeMethodAccessorImpl.invoke(NativeMethodAccessorImpl.java:62)
	at sun.reflect.DelegatingMethodAccessorImpl.invoke(DelegatingMethodAccessorImpl.java:43)
	at java.lang.reflect.Method.invoke(Method.java:498)
	at org.apache.maven.surefire.util.ReflectionUtils.invokeMethodWithArray2(ReflectionUtils.java:208)
	at org.apache.maven.surefire.booter.ProviderFactory$ProviderProxy.invoke(ProviderFactory.java:158)
	at org.apache.maven.surefire.booter.ProviderFactory.invokeProvider(ProviderFactory.java:86)
	at org.apache.maven.surefire.booter.ForkedBooter.runSuitesInProcess(ForkedBooter.java:153)
	at org.apache.maven.surefire.booter.ForkedBooter.main(ForkedBooter.java:95)
Caused by: org.openqa.selenium.NoSuchElementException: Unable to locate element: {"method":"id","selector":"R_u_0_a1"}
For documentation on this error, please visit: http://seleniumhq.org/exceptions/no_such_element.html
Build info: version: '2.53.1', revision: 'a36b8b1cd5757287168e54b817830adce9b0158d', time: '2016-06-30 19:26:09'
System info: host: 'OKHYTRUK-N', ip: '192.168.1.102', os.name: 'Windows 8.1', os.arch: 'amd64', os.version: '6.3', java.version: '1.8.0_101'
Driver info: driver.version: unknown
	at &lt;anonymous class&gt;.FirefoxDriver.prototype.findElementInternal_(file:///C:/Users/OLGA~1.KHY/AppData/Local/Temp/anonymous3884549947532457714webdriver-profile/extensions/fxdriver@googlecode.com/components/driver-component.js:10770)
	at &lt;anonymous class&gt;.fxdriver.Timer.prototype.setTimeout/&lt;.notify(file:///C:/Users/OLGA~1.KHY/AppData/Local/Temp/anonymous3884549947532457714webdriver-profile/extensions/fxdriver@googlecode.com/components/driver-component.js:625)
</stack-trace>
            </failure>
            <steps>
                <step start="1489339713666" stop="1489339714957" status="passed">
                    <name>setUpDriver[FirefoxDriver: firefox on WINDOWS (64c7f2e2-39e3-4c37-b467-90f28f1d913d), 20]</name>
                    <title>Setup driver: </title>
                    <steps>
                        <step start="1489339713668" stop="1489339714142" status="passed">
                            <name>maximazeWindow[FirefoxDriver: firefox on WINDOWS (64c7f2e2-39e3-4c37-b467-90f28f1d913d)]</name>
                            <title>Maximize window</title>
                        </step>
                        <step start="1489339714143" stop="1489339714957" status="passed">
                            <name>setImplicitlyWait[FirefoxDriver: firefox on WINDOWS (64c7f2e2-39e3-4c37-b467-90f28f1d913d), 20]</name>
                            <title>Set implicit wait to "20" sec</title>
                        </step>
                    </steps>
                </step>
                <step start="1489339714958" stop="1489339719378" status="passed">
                    <name>goToUrl[FirefoxDriver: firefox on WINDOWS (64c7f2e2-39e3-4c37-b467-90f28f1d913d), http://www.adriatic.hr/]</name>
                    <title>Open URL "http://www.adriatic.hr/"</title>
                </step>
                <step start="1489339719380" stop="1489339743304" status="broken">
                    <name>calculationReservation[businessFunctions.ReservationParams@c1e7bea]</name>
                    <title>Calculation Reservation:</title>
                    <steps>
                        <step start="1489339719381" stop="1489339719381" status="passed">
                            <name>log[click beachAccommodation]</name>
                            <title>click beachAccommodation</title>
                        </step>
                        <step start="1489339719459" stop="1489339719837" status="passed">
                            <name>clickWebElement[[[FirefoxDriver: firefox on WINDOWS (64c7f2e2-39e3-4c37-b467-90f28f1d913d)] -&gt; xpath: //img[contains(@al...]</name>
                            <title>Click web element</title>
                        </step>
                        <step start="1489339719838" stop="1489339719838" status="passed">
                            <name>log[click detailedPresentationButton]</name>
                            <title>click detailedPresentationButton</title>
                        </step>
                        <step start="1489339721475" stop="1489339722655" status="passed">
                            <name>clickButton[[[FirefoxDriver: firefox on WINDOWS (64c7f2e2-39e3-4c37-b467-90f28f1d913d)] -&gt; xpath: (//a[contains(@class,'...]</name>
                            <title>Click Button</title>
                        </step>
                        <step start="1489339722658" stop="1489339722658" status="passed">
                            <name>log[select number of adults from dropdown "2"]</name>
                            <title>select number of adults from dropdown "2"</title>
                        </step>
                    </steps>
                </step>
            </steps>
            <attachments>
                <attachment title="Screenshot" source="2a2e72be-5858-4329-b8de-5cb14cea262f-attachment.png" type="image/png" size="947193"/>
                <attachment title="HTML Document" source="f35cf72a-2e6c-4690-87b6-ec66e8423099-attachment.html" type="text/html" size="179726"/>
                <attachment title="Browser Log" source="36e50b6b-39fe-459e-9d14-888c9348378a-attachment.html" type="text/html" size="62704"/>
            </attachments>
            <labels>
                <label name="severity" value="blocker"/>
                <label name="host" value="OKHYTRUK-N"/>
                <label name="thread" value="1696@OKHYTRUK-N.main(1)"/>
            </labels>
        </test-case>
    </test-cases>
    <labels>
        <label name="story" value="Reservation Test"/>
        <label name="feature" value="Reservation"/>
        <label name="framework" value="JUnit"/>
        <label name="language" value="JAVA"/>
    </labels>
</ns2:test-suite>
